
 LIST ALL SELECTED ELEMENTS.  (LIST NODES)
 
    ELEM MAT TYP REL ESY SEC        NODES
 
       1   1   1   1   0   1    125   139   130   130
       2   1   1   1   0   1    125   127   139   139
       3   1   1   1   0   1    127   143   139   139
       4   1   1   1   0   1    127   129   143   143
       5   1   1   1   0   1    129   204   143   143
       6   1   1   1   0   1    129   147   204   204
       7   1   1   1   0   1    114    86   115   115
       8   1   1   1   0   1    114    85    86    86
       9   1   1   1   0   1     99   118   104   104
      10   1   1   1   0   1     99   100   118   118
      11   1   1   1   0   1    107   138   113   113
      12   1   1   1   0   1    107   110   138   138
      13   1   1   1   0   1    159   167   160   160
      14   1   1   1   0   1    159   166   167   167
      15   1   1   1   0   1    113   153   116   116
      16   1   1   1   0   1    113   138   153   153
      17   1   1   1   0   1    104   135   108   108
      18   1   1   1   0   1    104   122   135   135
      19   1   1   1   0   1    115   206   117   117
      20   1   1   1   0   1    115    87   206   206
 
    ELEM MAT TYP REL ESY SEC        NODES
 
      21   1   1   1   0   1    100   105   118   118
      22   1   1   1   0   1     83   114   106   106
      23   1   1   1   0   1     83    84   114   114
      24   1   1   1   0   1     94   101    93    93
      25   1   1   1   0   1     94   102   101   101
      26   1   1   1   0   1     74    89    88    88
      27   1   1   1   0   1     74    75    89    89
      28   1   1   1   0   1    205   180    60    60
      29   1   1   1   0   1    205   179   180   180
      30   1   1   1   0   1    203   175    66    66
      31   1   1   1   0   1    203   174   175   175
      32   1   1   1   0   1    147    45   204   204
      33   1   1   1   0   1    134   157   141   141
      34   1   1   1   0   1    134   140   157   157
      35   1   1   1   0   1     87   115    86    86
      36   1   1   1   0   1     69   207    68    68
      37   1   1   1   0   1     69   116   207   207
      38   1   1   1   0   1    207   116    11    11
      39   1   1   1   0   1    206    47   117   117
      40   1   1   1   0   1    207    67    68    68
 
    ELEM MAT TYP REL ESY SEC        NODES
 
      41   1   1   1   0   1     83   106    96    96
      42   1   1   1   0   1     67   207    43    43
      43   1   1   1   0   1    207     2    43    43
      44   1   1   1   0   1     11     2   207   207
      45   1   1   1   0   1     13   206    87    87
      46   1   1   1   0   1    206    12    47    47
      47   1   1   1   0   1     13    12   206   206
      48   1   1   1   0   1    179   205    61    61
      49   1   1   1   0   1    205    48    61    61
      50   1   1   1   0   1     60    48   205   205
      51   1   1   1   0   1    143   204    49    49
      52   1   1   1   0   1    204    44    49    49
      53   1   1   1   0   1     45    44   204   204
      54   1   1   1   0   1    174   203     3     3
      55   1   1   1   0   1    203     1     3     3
      56   1   1   1   0   1     66     1   203   203
      57   1   1   1   0   1    201   200   202   202
      58   1   1   1   0   1    200   199   202   202
      59   1   1   1   0   1    197   202   198   198
      60   1   1   1   0   1    202   196   201   201
 
    ELEM MAT TYP REL ESY SEC        NODES
 
      61   1   1   1   0   1    195   201   196   196
      62   1   1   1   0   1    201   194   193   193
      63   1   1   1   0   1    193   200   201   201
      64   1   1   1   0   1    200   192   199   199
      65   1   1   1   0   1    189   199   191   191
      66   1   1   1   0   1    199   198   202   202
      67   1   1   1   0   1    197   196   202   202
      68   1   1   1   0   1    188   195   196   196
      69   1   1   1   0   1    195   194   201   201
      70   1   1   1   0   1    194   187   193   193
      71   1   1   1   0   1    193   192   200   200
      72   1   1   1   0   1    192   191   199   199
      73   1   1   1   0   1    198   190   197   197
      74   1   1   1   0   1    189   198   199   199
      75   1   1   1   0   1    183   197   190   190
      76   1   1   1   0   1    182   196   197   197
      77   1   1   1   0   1    196   181   188   188
      78   1   1   1   0   1    178   195   188   188
      79   1   1   1   0   1    177   194   195   195
      80   1   1   1   0   1    176   187   194   194
 
    ELEM MAT TYP REL ESY SEC        NODES
 
      81   1   1   1   0   1    173   193   187   187
      82   1   1   1   0   1    172   192   193   193
      83   1   1   1   0   1    171   191   192   192
      84   1   1   1   0   1    191   170   185   185
      85   1   1   1   0   1    186   190   198   198
      86   1   1   1   0   1    190   169   184   184
      87   1   1   1   0   1    189   186   198   198
      88   1   1   1   0   1    185   189   191   191
      89   1   1   1   0   1    184   183   190   190
      90   1   1   1   0   1    183   182   197   197
      91   1   1   1   0   1    182   181   196   196
      92   1   1   1   0   1    180   188   181   181
      93   1   1   1   0   1    179   178   188   188
      94   1   1   1   0   1    178   177   195   195
      95   1   1   1   0   1    177   176   194   194
      96   1   1   1   0   1    175   187   176   176
      97   1   1   1   0   1    174   173   187   187
      98   1   1   1   0   1    173   172   193   193
      99   1   1   1   0   1    172   171   192   192
     100   1   1   1   0   1    171   170   191   191
 
    ELEM MAT TYP REL ESY SEC        NODES
 
     101   1   1   1   0   1    186   169   190   190
     102   1   1   1   0   1    166   185   170   170
     103   1   1   1   0   1    163   186   189   189
     104   1   1   1   0   1    185   163   189   189
     105   1   1   1   0   1     55   184   168   168
     106   1   1   1   0   1     56   183   184   184
     107   1   1   1   0   1     57   182   183   183
     108   1   1   1   0   1     58   181   182   182
     109   1   1   1   0   1     59   180   181   181
     110   1   1   1   0   1    180   179   188   188
     111   1   1   1   0   1     62   178   179   179
     112   1   1   1   0   1     63   177   178   178
     113   1   1   1   0   1     64   176   177   177
     114   1   1   1   0   1     65   175   176   176
     115   1   1   1   0   1    175   174   187   187
     116   1   1   1   0   1      4   173   174   174
     117   1   1   1   0   1      5   172   173   173
     118   1   1   1   0   1      6   171   172   172
     119   1   1   1   0   1      7   170   171   171
     120   1   1   1   0   1    170     8   166   166
 
    ELEM MAT TYP REL ESY SEC        NODES
 
     121   1   1   1   0   1    162   169   186   186
     122   1   1   1   0   1    169   168   184   184
     123   1   1   1   0   1    161   168   169   169
     124   1   1   1   0   1    168   165    54    54
     125   1   1   1   0   1    165   154    53    53
     126   1   1   1   0   1    164   167    10    10
     127   1   1   1   0   1    166   159   185   185
     128   1   1   1   0   1    163   162   186   186
     129   1   1   1   0   1    159   163   185   185
     130   1   1   1   0   1     11   116   164   164
     131   1   1   1   0   1     50    51   144   144
     132   1   1   1   0   1     52   150    51    51
     133   1   1   1   0   1     52    53   150   150
     134   1   1   1   0   1     53    54   165   165
     135   1   1   1   0   1     54    55   168   168
     136   1   1   1   0   1     55    56   184   184
     137   1   1   1   0   1     56    57   183   183
     138   1   1   1   0   1     57    58   182   182
     139   1   1   1   0   1     58    59   181   181
     140   1   1   1   0   1     59    60   180   180
 
    ELEM MAT TYP REL ESY SEC        NODES
 
     141   1   1   1   0   1     61    62   179   179
     142   1   1   1   0   1     62    63   178   178
     143   1   1   1   0   1     63    64   177   177
     144   1   1   1   0   1     64    65   176   176
     145   1   1   1   0   1     65    66   175   175
     146   1   1   1   0   1      3     4   174   174
     147   1   1   1   0   1      4     5   173   173
     148   1   1   1   0   1      5     6   172   172
     149   1   1   1   0   1      6     7   171   171
     150   1   1   1   0   1      7     8   170   170
     151   1   1   1   0   1      8     9   166   166
     152   1   1   1   0   1      9   167   166   166
     153   1   1   1   0   1      9    10   167   167
     154   1   1   1   0   1     10    11   164   164
     155   1   1   1   0   1    162   161   169   169
     156   1   1   1   0   1    161   165   168   168
     157   1   1   1   0   1    165   158   154   154
     158   1   1   1   0   1    153   164   116   116
     159   1   1   1   0   1    164   160   167   167
     160   1   1   1   0   1    156   162   163   163
 
    ELEM MAT TYP REL ESY SEC        NODES
 
     161   1   1   1   0   1    155   161   162   162
     162   1   1   1   0   1    161   158   165   165
     163   1   1   1   0   1    153   160   164   164
     164   1   1   1   0   1    152   159   160   160
     165   1   1   1   0   1    159   156   163   163
     166   1   1   1   0   1    156   155   162   162
     167   1   1   1   0   1    155   158   161   161
     168   1   1   1   0   1    151   157   158   158
     169   1   1   1   0   1    157   154   158   158
     170   1   1   1   0   1    153   152   160   160
     171   1   1   1   0   1    152   156   159   159
     172   1   1   1   0   1    149   155   156   156
     173   1   1   1   0   1    155   151   158   158
     174   1   1   1   0   1    151   141   157   157
     175   1   1   1   0   1    140   154   157   157
     176   1   1   1   0   1    154   150    53    53
     177   1   1   1   0   1    146   152   153   153
     178   1   1   1   0   1    152   149   156   156
     179   1   1   1   0   1    149   151   155   155
     180   1   1   1   0   1    151   142   141   141
 
    ELEM MAT TYP REL ESY SEC        NODES
 
     181   1   1   1   0   1    140   150   154   154
     182   1   1   1   0   1    150   145    51    51
     183   1   1   1   0   1    145   144    51    51
     184   1   1   1   0   1     50   148    49    49
     185   1   1   1   0   1    138   146   153   153
     186   1   1   1   0   1    146   149   152   152
     187   1   1   1   0   1    149   142   151   151
     188   1   1   1   0   1    148   143    49    49
     189   1   1   1   0   1    147   129   117   117
     190   1   1   1   0   1    140   145   150   150
     191   1   1   1   0   1    145   133   130   130
     192   1   1   1   0   1    130   144   145   145
     193   1   1   1   0   1    144   148    50    50
     194   1   1   1   0   1    144   139   148   148
     195   1   1   1   0   1    117    47   147   147
     196   1   1   1   0   1     46    45   147   147
     197   1   1   1   0   1     47    46   147   147
     198   1   1   1   0   1    137   146   138   138
     199   1   1   1   0   1    146   142   149   149
     200   1   1   1   0   1    139   143   148   148
 
    ELEM MAT TYP REL ESY SEC        NODES
 
     201   1   1   1   0   1    137   142   146   146
     202   1   1   1   0   1    142   136   141   141
     203   1   1   1   0   1    132   141   136   136
     204   1   1   1   0   1    140   133   145   145
     205   1   1   1   0   1    130   139   144   144
     206   1   1   1   0   1    138   110   137   137
     207   1   1   1   0   1    137   136   142   142
     208   1   1   1   0   1    110   135   137   137
     209   1   1   1   0   1    132   134   141   141
     210   1   1   1   0   1    134   133   140   140
     211   1   1   1   0   1    128   133   134   134
     212   1   1   1   0   1    131   130   133   133
     213   1   1   1   0   1    129   123   117   117
     214   1   1   1   0   1    135   136   137   137
     215   1   1   1   0   1    136   122   132   132
     216   1   1   1   0   1    108   135   110   110
     217   1   1   1   0   1    135   122   136   136
     218   1   1   1   0   1    124   132   122   122
     219   1   1   1   0   1    132   128   134   134
     220   1   1   1   0   1    128   131   133   133
 
    ELEM MAT TYP REL ESY SEC        NODES
 
     221   1   1   1   0   1    131   125   130   130
     222   1   1   1   0   1    124   128   132   132
     223   1   1   1   0   1    128   126   131   131
     224   1   1   1   0   1    126   125   131   131
     225   1   1   1   0   1    127   123   129   129
     226   1   1   1   0   1    124   126   128   128
     227   1   1   1   0   1    126   121   120   120
     228   1   1   1   0   1    120   125   126   126
     229   1   1   1   0   1    125   119   127   127
     230   1   1   1   0   1    119   123   127   127
     231   1   1   1   0   1    115   117   123   123
     232   1   1   1   0   1    111   115   123   123
     233   1   1   1   0   1    110    97   108   108
     234   1   1   1   0   1    124   121   126   126
     235   1   1   1   0   1    120   119   125   125
     236   1   1   1   0   1    122   118   124   124
     237   1   1   1   0   1    118   121   124   124
     238   1   1   1   0   1    121   105   112   112
     239   1   1   1   0   1    112   120   121   121
     240   1   1   1   0   1    109   119   120   120
 
    ELEM MAT TYP REL ESY SEC        NODES
 
     241   1   1   1   0   1    119   111   123   123
     242   1   1   1   0   1    104   118   122   122
     243   1   1   1   0   1    118   105   121   121
     244   1   1   1   0   1    114   115   111   111
     245   1   1   1   0   1     70   113   116   116
     246   1   1   1   0   1    112   109   120   120
     247   1   1   1   0   1    109   111   119   119
     248   1   1   1   0   1     97    88   108   108
     249   1   1   1   0   1     69    70   116   116
     250   1   1   1   0   1    102   103   112   112
     251   1   1   1   0   1    105   102   112   112
     252   1   1   1   0   1     98   104   108   108
     253   1   1   1   0   1    106   114   111   111
     254   1   1   1   0   1     84    85   114   114
     255   1   1   1   0   1     70    71   113   113
     256   1   1   1   0   1     71   107   113   113
     257   1   1   1   0   1    103   109   112   112
     258   1   1   1   0   1    109   106   111   111
     259   1   1   1   0   1     72   107    71    71
     260   1   1   1   0   1    107    97   110   110
 
    ELEM MAT TYP REL ESY SEC        NODES
 
     261   1   1   1   0   1    103   106   109   109
     262   1   1   1   0   1     88    98   108   108
     263   1   1   1   0   1     72    97   107   107
     264   1   1   1   0   1     73    88    97    97
     265   1   1   1   0   1     15    87    86    86
     266   1   1   1   0   1     17    86    85    85
     267   1   1   1   0   1     37    70    69    69
     268   1   1   1   0   1     39    69    68    68
     269   1   1   1   0   1     41    68    67    67
     270   1   1   1   0   1     95   103   102   102
     271   1   1   1   0   1    103    96   106   106
     272   1   1   1   0   1    101   102   105   105
     273   1   1   1   0   1    100   101   105   105
     274   1   1   1   0   1    100    92   101   101
     275   1   1   1   0   1     99    91   100   100
     276   1   1   1   0   1     98    99   104   104
     277   1   1   1   0   1     98    90    99    99
     278   1   1   1   0   1     19    85    84    84
     279   1   1   1   0   1     35    71    70    70
     280   1   1   1   0   1     88    89    98    98
 
    ELEM MAT TYP REL ESY SEC        NODES
 
     281   1   1   1   0   1     95    96   103   103
     282   1   1   1   0   1     95    82    96    96
     283   1   1   1   0   1     94    95   102   102
     284   1   1   1   0   1     94    81    95    95
     285   1   1   1   0   1     93    80    94    94
     286   1   1   1   0   1     92    93   101   101
     287   1   1   1   0   1     92    79    93    93
     288   1   1   1   0   1     91    92   100   100
     289   1   1   1   0   1     91    78    92    92
     290   1   1   1   0   1     90    91    99    99
     291   1   1   1   0   1     90    77    91    91
     292   1   1   1   0   1     89    90    98    98
     293   1   1   1   0   1     89    76    90    90
     294   1   1   1   0   1     33    72    71    71
     295   1   1   1   0   1     72    73    97    97
     296   1   1   1   0   1     72    32    73    73
     297   1   1   1   0   1     82    83    96    96
     298   1   1   1   0   1     81    82    95    95
     299   1   1   1   0   1     80    81    94    94
     300   1   1   1   0   1     79    80    93    93
 
    ELEM MAT TYP REL ESY SEC        NODES
 
     301   1   1   1   0   1     78    79    92    92
     302   1   1   1   0   1     77    78    91    91
     303   1   1   1   0   1     76    77    90    90
     304   1   1   1   0   1     75    76    89    89
     305   1   1   1   0   1     73    74    88    88
     306   1   1   1   0   1     83    21    84    84
     307   1   1   1   0   1     82    22    83    83
     308   1   1   1   0   1     81    23    82    82
     309   1   1   1   0   1     80    24    81    81
     310   1   1   1   0   1     79    25    80    80
     311   1   1   1   0   1     78    26    79    79
     312   1   1   1   0   1     77    27    78    78
     313   1   1   1   0   1     76    28    77    77
     314   1   1   1   0   1     75    29    76    76
     315   1   1   1   0   1     31    74    73    73
     316   1   1   1   0   1     74    30    75    75
     317   1   1   1   0   1     14    13    87    87
     318   1   1   1   0   1     15    14    87    87
     319   1   1   1   0   1     16    15    86    86
     320   1   1   1   0   1     17    16    86    86
 
    ELEM MAT TYP REL ESY SEC        NODES
 
     321   1   1   1   0   1     18    17    85    85
     322   1   1   1   0   1     19    18    85    85
     323   1   1   1   0   1     20    19    84    84
     324   1   1   1   0   1     21    20    84    84
     325   1   1   1   0   1     22    21    83    83
     326   1   1   1   0   1     23    22    82    82
     327   1   1   1   0   1     24    23    81    81
     328   1   1   1   0   1     25    24    80    80
     329   1   1   1   0   1     26    25    79    79
     330   1   1   1   0   1     27    26    78    78
     331   1   1   1   0   1     28    27    77    77
     332   1   1   1   0   1     29    28    76    76
     333   1   1   1   0   1     30    29    75    75
     334   1   1   1   0   1     31    30    74    74
     335   1   1   1   0   1     32    31    73    73
     336   1   1   1   0   1     33    32    72    72
     337   1   1   1   0   1     34    33    71    71
     338   1   1   1   0   1     35    34    71    71
     339   1   1   1   0   1     36    35    70    70
     340   1   1   1   0   1     37    36    70    70
 
    ELEM MAT TYP REL ESY SEC        NODES
 
     341   1   1   1   0   1     38    37    69    69
     342   1   1   1   0   1     39    38    69    69
     343   1   1   1   0   1     40    39    68    68
     344   1   1   1   0   1     41    40    68    68
     345   1   1   1   0   1     42    41    67    67
     346   1   1   1   0   1     43    42    67    67

